<?xml version="1.0" encoding="UTF-8"?>
<testng-results ignored="0" total="1" passed="1" failed="0" skipped="0">
  <reporter-output>
  </reporter-output>
  <suite started-at="2021-05-14T07:45:48 MSK" name="Surefire suite" finished-at="2021-05-14T07:45:48 MSK" duration-ms="83">
    <groups>
    </groups>
    <test started-at="2021-05-14T07:45:48 MSK" name="Surefire test" finished-at="2021-05-14T07:45:48 MSK" duration-ms="83">
      <class name="com.geekbrains.AppTest">
        <test-method signature="shouldAnswerWithTrue()" started-at="2021-05-14T07:45:48 MSK" name="shouldAnswerWithTrue" finished-at="2021-05-14T07:45:48 MSK" duration-ms="16" status="PASS">
          <reporter-output>
          </reporter-output>
        </test-method> <!-- shouldAnswerWithTrue -->
      </class> <!-- com.geekbrains.AppTest -->
    </test> <!-- Surefire test -->
  </suite> <!-- Surefire suite -->
</testng-results>
