<?xml version="1.0" encoding="UTF-8"?>
<testsuite xmlns:xsi="http://www.w3.org/2001/XMLSchema-instance" xsi:noNamespaceSchemaLocation="https://maven.apache.org/surefire/maven-surefire-plugin/xsd/surefire-test-report-3.0.xsd" version="3.0" name="homework4.FunctionCalculateTriangleSquareTest" time="0.271" tests="4" errors="0" skipped="0" failures="0">
  <properties>
[...]
</properties>
  <testcase name="checkExceptionWhenNotTriangleTwoSidesLess" classname="homework4.FunctionCalculateTriangleSquareTest" time="0.096">
    <system-out><![CDATA[07:50:00.051 [main] DEBUG h.FunctionCalculateTriangleSquareTest - Проверка выброса исключения в случае если две стороны меньше третьей
]]></system-out>
  </testcase>
  <testcase name="checkExceptionWhenNotTriangleNegativeSide" classname="homework4.FunctionCalculateTriangleSquareTest" time="0.001">
    <system-out><![CDATA[07:50:00.138 [main] DEBUG h.FunctionCalculateTriangleSquareTest - Проверка выброса исключения при передаче отрицательного значения
]]></system-out>
  </testcase>
  <testcase name="checkExceptionWhenNotTriangleZero" classname="homework4.FunctionCalculateTriangleSquareTest" time="0.002">
    <system-out><![CDATA[07:50:00.140 [main] DEBUG h.FunctionCalculateTriangleSquareTest - Проверка выброса исключения при передаче нулевых значений
]]></system-out>
  </testcase>
  <testcase name="testIsTrianglePositive" classname="homework4.FunctionCalculateTriangleSquareTest" time="0.006">
    <system-out><![CDATA[07:50:00.142 [main] DEBUG h.FunctionCalculateTriangleSquareTest - Позитивная проверка верными значениями
]]></system-out>
  </testcase>
</testsuite>